<?xml version="1.0" encoding="UTF-8"?>
<!-- Generated by org.testng.reporters.JUnitReportReporter -->
<testsuite hostname="DESKTOP-T1TKO85" name="qaclickacademy.SeleniumTest" tests="2" failures="0" timestamp="31 Jan 2022 06:54:06 GMT" time="0.022" errors="0">
  <testcase name="elementUI" time="0.001" classname="qaclickacademy.SeleniumTest"/>
  <testcase name="borwserAutomation" time="0.021" classname="qaclickacademy.SeleniumTest"/>
</testsuite> <!-- qaclickacademy.SeleniumTest -->
