<?xml version="1.0" encoding="UTF-8"?>
<!-- Generated by org.testng.reporters.JUnitReportReporter -->
<testsuite hostname="DESKTOP-T1TKO85" name="qaclickacademy.RestAssuredTest" tests="2" failures="0" timestamp="31 Jan 2022 06:18:36 GMT" time="0.014" errors="0">
  <testcase name="postmanTest" time="0.014" classname="qaclickacademy.RestAssuredTest"/>
  <testcase name="restTest" time="0.000" classname="qaclickacademy.RestAssuredTest"/>
</testsuite> <!-- qaclickacademy.RestAssuredTest -->
